15:54:41,336 INFO  [org.jboss.modules] (main) JBoss Modules version 1.3.0.Final-redhat-2
15:54:50,655 INFO  [org.jboss.msc] (main) JBoss MSC version 1.0.4.GA-redhat-1
15:54:52,200 INFO  [org.jboss.as] (MSC service thread 1-8) JBAS015899: JBoss EAP 6.2.0.GA (AS 7.3.0.Final-redhat-14) starting
15:54:52,357 DEBUG [org.jboss.as.config] (MSC service thread 1-8) Configured system properties:
	awt.toolkit = sun.awt.windows.WToolkit
	file.encoding = Cp1252
	file.encoding.pkg = sun.io
	file.separator = \
	java.awt.graphicsenv = sun.awt.Win32GraphicsEnvironment
	java.awt.headless = true
	java.awt.printerjob = sun.awt.windows.WPrinterJob
	java.class.path = C:\Users\rthoma24\Desktop\rinu\exe\jboss-eap-6.2\jboss-modules.jar
	java.class.version = 51.0
	java.endorsed.dirs = C:\Program Files\Java\jdk1.7.0_21\jre\lib\endorsed
	java.ext.dirs = C:\Program Files\Java\jdk1.7.0_21\jre\lib\ext;C:\Windows\Sun\Java\lib\ext
	java.home = C:\Program Files\Java\jdk1.7.0_21\jre
	java.io.tmpdir = C:\Users\rthoma24\AppData\Local\Temp\
	java.library.path = C:\Program Files\Java\jdk1.7.0_21\bin;C:\Windows\Sun\Java\bin;C:\Windows\system32;C:\Windows;native;C:/Program Files/Java/jdk1.7.0_21/jre/bin/server;C:/Program Files/Java/jdk1.7.0_21/jre/bin;C:/Program Files/Java/jdk1.7.0_21/jre/lib/amd64;C:\ProgramData\Oracle\Java\javapath;C:\Oracle;C:\Windows\system32;C:\Windows;C:\Windows\System32\Wbem;C:\Windows\System32\WindowsPowerShell\v1.0\;C:\Program Files\TortoiseSVN\bin;C:\Program Files\nodejs\;C:\Program Files (x86)\scala\bin;C:\Program Files\apache-maven-3.3.9\bin;C:\Program Files\gradle-2.12\bin;C:\ProgramData\Oracle\Java\javapath;C:\Oracle;C:\Windows\system32;C:\Windows;C:\Windows\System32\Wbem;C:\Windows\System32\WindowsPowerShell\v1.0\;C:\Program Files\TortoiseSVN\bin;C:\Program Files\nodejs\;C:\Program Files (x86)\scala\bin;C:\Users\rthoma24\AppData\Local\atom\bin;C:\Users\rthoma24\AppData\Roaming\npm;C:\Program Files\Java\jdk1.7.0_21\bin;C:\Users\rthoma24\Desktop\rinu\exe\eclipse;;.
	java.net.preferIPv4Stack = true
	java.runtime.name = Java(TM) SE Runtime Environment
	java.runtime.version = 1.7.0_21-b11
	java.specification.name = Java Platform API Specification
	java.specification.vendor = Oracle Corporation
	java.specification.version = 1.7
	java.util.logging.manager = org.jboss.logmanager.LogManager
	java.vendor = Oracle Corporation
	java.vendor.url = http://java.oracle.com/
	java.vendor.url.bug = http://bugreport.sun.com/bugreport/
	java.version = 1.7.0_21
	java.vm.info = mixed mode
	java.vm.name = Java HotSpot(TM) 64-Bit Server VM
	java.vm.specification.name = Java Virtual Machine Specification
	java.vm.specification.vendor = Oracle Corporation
	java.vm.specification.version = 1.7
	java.vm.vendor = Oracle Corporation
	java.vm.version = 23.21-b01
	javax.management.builder.initial = org.jboss.as.jmx.PluggableMBeanServerBuilder
	javax.xml.datatype.DatatypeFactory = __redirected.__DatatypeFactory
	javax.xml.parsers.DocumentBuilderFactory = __redirected.__DocumentBuilderFactory
	javax.xml.parsers.SAXParserFactory = __redirected.__SAXParserFactory
	javax.xml.stream.XMLEventFactory = __redirected.__XMLEventFactory
	javax.xml.stream.XMLInputFactory = __redirected.__XMLInputFactory
	javax.xml.stream.XMLOutputFactory = __redirected.__XMLOutputFactory
	javax.xml.transform.TransformerFactory = __redirected.__TransformerFactory
	javax.xml.validation.SchemaFactory:http://www.w3.org/2001/XMLSchema = __redirected.__SchemaFactory
	javax.xml.xpath.XPathFactory:http://java.sun.com/jaxp/xpath/dom = __redirected.__XPathFactory
	jboss.bind.address = localhost
	jboss.bind.address.management = localhost
	jboss.home.dir = C:\Users\rthoma24\Desktop\rinu\exe\jboss-eap-6.2
	jboss.host.name = adcvdijva033
	jboss.modules.dir = C:\Users\rthoma24\Desktop\rinu\exe\jboss-eap-6.2\modules
	jboss.modules.system.pkgs = org.jboss.byteman
	jboss.node.name = adcvdijva033
	jboss.qualified.host.name = adcvdijva033
	jboss.server.base.dir = C:\Users\rthoma24\Desktop\rinu\exe\jboss-eap-6.2\standalone
	jboss.server.config.dir = C:\Users\rthoma24\Desktop\rinu\exe\jboss-eap-6.2\standalone\configuration
	jboss.server.data.dir = C:\Users\rthoma24\Desktop\rinu\exe\jboss-eap-6.2\standalone\data
	jboss.server.deploy.dir = C:\Users\rthoma24\Desktop\rinu\exe\jboss-eap-6.2\standalone\data\content
	jboss.server.log.dir = C:\Users\rthoma24\Desktop\rinu\exe\jboss-eap-6.2\standalone\log
	jboss.server.name = adcvdijva033
	jboss.server.persist.config = true
	jboss.server.temp.dir = C:\Users\rthoma24\Desktop\rinu\exe\jboss-eap-6.2\standalone\tmp
	line.separator = 

	logging.configuration = file:/C:/Users/rthoma24/Desktop/rinu/exe/jboss-eap-6.2/standalone/configuration/logging.properties
	module.path = C:/Users/rthoma24/Desktop/rinu/exe/jboss-eap-6.2/modules
	org.jboss.boot.log.file = C:/Users/rthoma24/Desktop/rinu/exe/jboss-eap-6.2/standalone/log/boot.log
	org.jboss.logmanager.nocolor = true
	org.jboss.resolver.warning = true
	org.xml.sax.driver = __redirected.__XMLReaderFactory
	os.arch = amd64
	os.name = Windows 7
	os.version = 6.1
	path.separator = ;
	program.name = JBossTools: JBoss Enterprise Application Platform 6.1+
	sun.arch.data.model = 64
	sun.boot.class.path = C:\Program Files\Java\jdk1.7.0_21\jre\lib\resources.jar;C:\Program Files\Java\jdk1.7.0_21\jre\lib\rt.jar;C:\Program Files\Java\jdk1.7.0_21\jre\lib\sunrsasign.jar;C:\Program Files\Java\jdk1.7.0_21\jre\lib\jsse.jar;C:\Program Files\Java\jdk1.7.0_21\jre\lib\jce.jar;C:\Program Files\Java\jdk1.7.0_21\jre\lib\charsets.jar;C:\Program Files\Java\jdk1.7.0_21\jre\lib\jfr.jar;C:\Program Files\Java\jdk1.7.0_21\jre\classes
	sun.boot.library.path = C:\Program Files\Java\jdk1.7.0_21\jre\bin
	sun.cpu.endian = little
	sun.cpu.isalist = amd64
	sun.desktop = windows
	sun.io.unicode.encoding = UnicodeLittle
	sun.java.command = org.jboss.modules.Main -mp C:/Users/rthoma24/Desktop/rinu/exe/jboss-eap-6.2/modules -jaxpmodule javax.xml.jaxp-provider org.jboss.as.standalone -b localhost --server-config=standalone.xml -Djboss.server.base.dir=C:\Users\rthoma24\Desktop\rinu\exe\jboss-eap-6.2\standalone
	sun.java.launcher = SUN_STANDARD
	sun.jnu.encoding = Cp1252
	sun.management.compiler = HotSpot 64-Bit Tiered Compilers
	sun.os.patch.level = Service Pack 1
	sun.rmi.dgc.client.gcInterval = 3600000
	sun.rmi.dgc.server.gcInterval = 3600000
	user.country = US
	user.dir = C:\Users\rthoma24\Desktop\rinu\exe\jboss-eap-6.2\bin
	user.home = C:\Users\rthoma24
	user.language = en
	user.name = rthoma24
	user.script = 
	user.timezone = Asia/Calcutta
	user.variant = 
15:54:52,357 DEBUG [org.jboss.as.config] (MSC service thread 1-8) VM Arguments: -Dprogram.name=JBossTools: JBoss Enterprise Application Platform 6.1+ -Xms1024m -Xmx1024m -XX:MaxPermSize=256m -Dorg.jboss.resolver.warning=true -Djava.net.preferIPv4Stack=true -Dsun.rmi.dgc.client.gcInterval=3600000 -Dsun.rmi.dgc.server.gcInterval=3600000 -Djboss.modules.system.pkgs=org.jboss.byteman -Djava.awt.headless=true -Dorg.jboss.boot.log.file=C:/Users/rthoma24/Desktop/rinu/exe/jboss-eap-6.2/standalone/log/boot.log -Dlogging.configuration=file:/C:/Users/rthoma24/Desktop/rinu/exe/jboss-eap-6.2/standalone/configuration/logging.properties -Djboss.home.dir=C:/Users/rthoma24/Desktop/rinu/exe/jboss-eap-6.2 -Dorg.jboss.logmanager.nocolor=true -Djboss.bind.address.management=localhost -Dfile.encoding=Cp1252 
15:55:20,911 INFO  [org.jboss.as.server.deployment.scanner] (DeploymentScanner-threads - 1) JBAS015003: Found FleetDashboard.war in deployment directory. To trigger deployment create a file called FleetDashboard.war.dodeploy
15:55:21,302 INFO  [org.jboss.as.server] (Controller Boot Thread) JBAS015888: Creating http management service using socket-binding (management-http)
15:55:21,317 INFO  [org.xnio] (MSC service thread 1-5) XNIO Version 3.0.7.GA-redhat-1
15:55:21,411 INFO  [org.xnio.nio] (MSC service thread 1-5) XNIO NIO Implementation Version 3.0.7.GA-redhat-1
15:55:21,661 INFO  [org.jboss.remoting] (MSC service thread 1-5) JBoss Remoting version 3.2.18.GA-redhat-1
